
==================================================
CRITICAL ERROR: name 'success_response' is not defined
Traceback (most recent call last):
  File "C:\Users\Kenneth\OneDrive\Desktop\LostnFound\backend\venv\Lib\site-packages\flask\app.py", line 917, in full_dispatch_request
    rv = self.dispatch_request()
  File "C:\Users\Kenneth\OneDrive\Desktop\LostnFound\backend\venv\Lib\site-packages\flask\app.py", line 902, in dispatch_request
    return self.ensure_sync(self.view_functions[rule.endpoint])(**view_args)  # type: ignore[no-any-return]
           ~~~~~~~~~~~~~~~~~~~~~~~~~~~~~~~~~~~~~~~~~~~~~~~~~~~~^^^^^^^^^^^^^
  File "C:\Users\Kenneth\OneDrive\Desktop\LostnFound\backend\venv\Lib\site-packages\flask_jwt_extended\view_decorators.py", line 170, in decorator
    return current_app.ensure_sync(fn)(*args, **kwargs)
           ~~~~~~~~~~~~~~~~~~~~~~~~~~~^^^^^^^^^^^^^^^^^
  File "C:\Users\Kenneth\OneDrive\Desktop\LostnFound\backend\routes\admin_routes.py", line 31, in wrapper
    return fn(*args, **kwargs)
  File "C:\Users\Kenneth\OneDrive\Desktop\LostnFound\backend\venv\Lib\site-packages\flask_limiter\_limits.py", line 326, in __inner
    return cast(R, flask.current_app.ensure_sync(obj)(*a, **k))
                   ~~~~~~~~~~~~~~~~~~~~~~~~~~~~~~~~~~^^^^^^^^^
  File "C:\Users\Kenneth\OneDrive\Desktop\LostnFound\backend\routes\admin_routes.py", line 116, in get_stats_route
    return jsonify(success_response(result)), status
                   ^^^^^^^^^^^^^^^^
NameError: name 'success_response' is not defined

==================================================
